d93ea7ada09043a1422478b60d5f3223037ff8ad
rustc 1.95.0 (59807616e 2026-04-14)
binary: rustc
commit-hash: 59807616e1fa2540724bfbac14d7976d7e4a3860
commit-date: 2026-04-14
host: x86_64-unknown-linux-gnu
release: 1.95.0
LLVM version: 22.1.2
cargo 1.95.0 (f2d3ce0bd 2026-03-21)
release: 1.95.0
commit-hash: f2d3ce0bd7f24a49f8f72d9000448f8838c4e850
commit-date: 2026-03-21
host: x86_64-unknown-linux-gnu
libgit2: 1.9.2 (sys:0.20.4 vendored)
libcurl: 8.15.0-DEV (sys:0.4.83+curl-8.15.0 vendored ssl:OpenSSL/3.5.4)
ssl: OpenSSL 3.5.4 30 Sep 2025
os: Ubuntu 24.4.0 (noble) [64-bit]
cargo-audit-audit 0.22.2
cargo-deny 0.20.2
cargo-cyclonedx-cyclonedx 0.5.9
v25.9.0
11.12.1
ShellCheck - shell script analysis tool
version: 0.9.0
license: GNU General Public License, version 3
website: https://www.shellcheck.net
v1.7.12
installed by building from source
built with go1.26.2 compiler for linux/amd64
Linux ssh 6.8.0-134-generic #134-Ubuntu SMP PREEMPT_DYNAMIC Fri Jun 26 18:43:11 UTC 2026 x86_64 x86_64 x86_64 GNU/Linux
