   Compiling proc-macro2 v1.0.106
   Compiling unicode-ident v1.0.24
   Compiling quote v1.0.46
   Compiling libc v0.2.186
   Compiling version_check v0.9.5
    Checking cfg-if v1.0.4
    Checking typenum v1.20.1
   Compiling find-msvc-tools v0.1.9
   Compiling generic-array v0.14.7
   Compiling shlex v2.0.1
   Compiling serde_core v1.0.228
   Compiling serde v1.0.228
    Checking subtle v2.6.1
    Checking memchr v2.8.2
   Compiling syn v2.0.118
   Compiling jobserver v0.1.34
    Checking crypto-common v0.1.7
   Compiling cc v1.2.66
   Compiling thiserror v1.0.69
   Compiling pkg-config v0.3.33
   Compiling zerocopy v0.8.52
    Checking cpufeatures v0.2.17
   Compiling block-buffer v0.10.4
   Compiling rustversion v1.0.22
   Compiling digest v0.10.7
   Compiling autocfg v1.5.1
   Compiling sha2 v0.10.9
   Compiling zstd-sys v2.0.16+zstd.1.5.7
   Compiling strsim v0.11.1
    Checking smallvec v1.15.2
   Compiling parking_lot_core v0.9.12
   Compiling same-file v1.0.6
   Compiling crossbeam-utils v0.8.21
   Compiling walkdir v2.5.0
   Compiling fnv v1.0.7
   Compiling getrandom v0.3.4
   Compiling crossbeam-epoch v0.9.20
   Compiling ident_case v1.0.1
   Compiling rust-embed-utils v8.11.0
   Compiling darling_core v0.20.11
   Compiling num-traits v0.2.19
    Checking inout v0.1.4
   Compiling rustc-hash v2.1.3
    Checking futures-core v0.3.32
   Compiling zstd-safe v7.2.4
    Checking futures-sink v0.3.32
    Checking futures-channel v0.3.32
   Compiling type-map v0.5.1
    Checking getrandom v0.2.17
    Checking futures-task v0.3.32
    Checking minimal-lexical v0.2.1
    Checking pin-project-lite v0.2.17
   Compiling rustix v1.1.4
   Compiling self_cell v1.2.2
    Checking bitflags v2.13.0
   Compiling zmij v1.0.21
    Checking once_cell v1.21.4
   Compiling log v0.4.33
   Compiling rayon-core v1.13.0
    Checking slab v0.4.12
   Compiling serde_derive v1.0.228
   Compiling displaydoc v0.2.6
   Compiling thiserror-impl v1.0.69
   Compiling zerocopy-derive v0.8.52
   Compiling tinystr v0.8.3
   Compiling zeroize_derive v1.5.0
    Checking zeroize v1.9.0
   Compiling darling_macro v0.20.11
    Checking unic-langid-impl v0.9.6
    Checking cipher v0.4.4
    Checking unic-langid v0.9.6
   Compiling futures-macro v0.3.32
   Compiling rust-embed-impl v8.11.0
   Compiling semver v1.0.28
    Checking futures-io v0.3.32
   Compiling rustc_version v0.4.1
    Checking futures-util v0.3.32
   Compiling darling v0.20.11
   Compiling fluent-syntax v0.11.1
   Compiling self_cell v0.10.3
    Checking nom v7.1.3
    Checking rand_core v0.6.4
   Compiling basic-toml v0.1.10
   Compiling toml v0.5.11
   Compiling i18n-config v0.4.8
   Compiling fluent-langneg v0.13.1
   Compiling intl-memoizer v0.5.3
   Compiling intl_pluralrules v7.0.2
   Compiling find-crate v0.6.3
    Checking crossbeam-deque v0.8.6
    Checking hmac v0.12.1
    Checking aho-corasick v1.1.4
    Checking regex-syntax v0.8.11
   Compiling scopeguard v1.2.0
    Checking ppv-lite86 v0.2.21
    Checking utf8parse v0.2.2
   Compiling serde_json v1.0.150
    Checking linux-raw-sys v0.12.1
    Checking itoa v1.0.18
   Compiling paste v1.0.15
   Compiling rustc-hash v1.1.0
    Checking either v1.16.0
   Compiling portable-atomic v1.13.1
   Compiling fluent-bundle v0.15.3
    Checking anstyle-parse v1.0.0
   Compiling lock_api v0.4.14
    Checking regex-automata v0.4.14
   Compiling i18n-embed-impl v0.8.4
    Checking futures-executor v0.3.32
   Compiling curve25519-dalek v4.1.3
   Compiling derive_builder_core v0.20.2
    Checking rand_core v0.9.5
   Compiling matrixmultiply v0.3.10
   Compiling esaxx-rs v0.1.10
    Checking universal-hash v0.5.1
   Compiling ahash v0.8.12
    Checking bit-vec v0.8.0
    Checking opaque-debug v0.3.1
   Compiling thiserror v2.0.18
    Checking anstyle v1.0.14
    Checking unicode-width v0.2.2
    Checking colorchoice v1.0.5
    Checking is_terminal_polyfill v1.70.2
   Compiling vcpkg v0.2.15
    Checking anstyle-query v1.1.5
    Checking console v0.15.11
    Checking anstream v1.0.0
    Checking bit-set v0.8.0
   Compiling derive_builder_macro v0.20.2
    Checking poly1305 v0.8.0
    Checking rand_chacha v0.9.0
   Compiling parking_lot v0.12.5
   Compiling xattr v1.6.1
   Compiling libsqlite3-sys v0.38.1
    Checking futures v0.3.32
    Checking rayon v1.12.0
   Compiling fluent v0.16.1
    Checking itertools v0.14.0
    Checking rand_chacha v0.3.1
   Compiling rust-embed v8.11.0
    Checking chacha20 v0.9.1
   Compiling monostate-impl v0.1.18
   Compiling curve25519-dalek-derive v0.1.1
   Compiling thiserror-impl v2.0.18
    Checking castaway v0.2.4
   Compiling arc-swap v1.9.2
   Compiling filetime v0.2.29
    Checking aead v0.5.2
   Compiling proc-macro-error-attr2 v2.0.0
    Checking unicode-segmentation v1.13.3
   Compiling anyhow v1.0.103
    Checking static_assertions v1.1.0
    Checking base64 v0.13.1
   Compiling macro_rules_attribute-proc_macro v0.2.2
    Checking number_prefix v0.4.0
    Checking clap_lex v1.1.0
   Compiling getrandom v0.4.3
    Checking ryu v1.0.23
   Compiling heck v0.5.0
    Checking foldhash v0.2.0
    Checking rawpointer v0.2.1
    Checking clap_builder v4.6.0
    Checking hashbrown v0.17.1
    Checking macro_rules_attribute v0.2.2
   Compiling clap_derive v4.6.1
    Checking compact_str v0.9.1
    Checking spm_precompiled v0.1.4
    Checking indicatif v0.17.11
    Checking rayon-cond v0.4.0
   Compiling proc-macro-error2 v2.0.1
    Checking chacha20poly1305 v0.10.1
   Compiling i18n-embed v0.15.4
   Compiling tar v0.4.46
   Compiling zstd v0.13.3
    Checking monostate v0.1.18
    Checking rand v0.8.6
    Checking cookie-factory v0.3.3
    Checking rand v0.9.4
    Checking derive_builder v0.20.2
    Checking fancy-regex v0.14.0
    Checking regex v1.12.4
    Checking num-complex v0.4.6
    Checking num-integer v0.1.46
    Checking hkdf v0.12.4
    Checking pbkdf2 v0.12.2
    Checking dary_heap v0.3.9
    Checking salsa20 v0.10.2
    Checking secrecy v0.10.3
   Compiling pin-project-internal v1.1.13
    Checking unicode-normalization-alignments v0.1.12
    Checking base64 v0.21.7
    Checking unicode_categories v0.1.1
    Checking io_tee v0.1.1
    Checking winnow v1.0.3
    Checking age-core v0.11.0
    Checking ndarray v0.15.6
    Checking scrypt v0.11.0
    Checking tokenizers v0.21.4
    Checking toml_parser v1.1.2+spec-1.1.0
    Checking x25519-dalek v2.0.1
    Checking clap v4.6.1
   Compiling brainmap-cli v0.1.0 (<SOURCE_ROOT>/crates/brainmap-cli)
   Compiling i18n-embed-fl v0.9.4
    Checking pin-project v1.1.13
    Checking hashlink v0.12.0
    Checking safetensors v0.5.3
    Checking half v2.7.1
    Checking toml_datetime v1.1.1+spec-1.1.0
    Checking serde_spanned v1.1.1
    Checking lazy_static v1.5.0
    Checking fastrand v2.4.1
    Checking fallible-iterator v0.3.0
    Checking fallible-streaming-iterator v0.1.9
    Checking bech32 v0.9.1
    Checking iana-time-zone v0.1.65
    Checking age v0.11.3
    Checking chrono v0.4.45
    Checking tempfile v3.27.0
    Checking toml v1.1.2+spec-1.1.0
    Checking fs4 v1.1.0
    Checking hex v0.4.3
    Checking model2vec-rs v0.2.1
    Checking rusqlite v0.40.1
    Finished `dev` profile [unoptimized + debuginfo] target(s) in 37.99s
