   Compiling proc-macro2 v1.0.106
   Compiling quote v1.0.46
   Compiling unicode-ident v1.0.24
   Compiling libc v0.2.186
   Compiling version_check v0.9.5
   Compiling cfg-if v1.0.4
   Compiling shlex v2.0.1
   Compiling find-msvc-tools v0.1.9
   Compiling typenum v1.20.1
   Compiling serde_core v1.0.228
   Compiling generic-array v0.14.7
   Compiling serde v1.0.228
   Compiling pkg-config v0.3.33
   Compiling syn v2.0.118
   Compiling thiserror v1.0.69
   Compiling jobserver v0.1.34
   Compiling memchr v2.8.2
   Compiling cc v1.2.66
   Compiling crypto-common v0.1.7
   Compiling subtle v2.6.1
   Compiling zerocopy v0.8.52
   Compiling rustversion v1.0.22
   Compiling cpufeatures v0.2.17
   Compiling block-buffer v0.10.4
   Compiling zstd-sys v2.0.16+zstd.1.5.7
   Compiling digest v0.10.7
   Compiling autocfg v1.5.1
   Compiling sha2 v0.10.9
   Compiling smallvec v1.15.2
   Compiling strsim v0.11.1
   Compiling parking_lot_core v0.9.12
   Compiling same-file v1.0.6
   Compiling crossbeam-utils v0.8.21
   Compiling walkdir v2.5.0
   Compiling crossbeam-epoch v0.9.20
   Compiling getrandom v0.3.4
   Compiling fnv v1.0.7
   Compiling zstd-safe v7.2.4
   Compiling ident_case v1.0.1
   Compiling rust-embed-utils v8.11.0
   Compiling num-traits v0.2.19
   Compiling inout v0.1.4
   Compiling futures-sink v0.3.32
   Compiling darling_core v0.20.11
   Compiling futures-core v0.3.32
   Compiling rustc-hash v2.1.3
   Compiling type-map v0.5.1
   Compiling futures-channel v0.3.32
   Compiling getrandom v0.2.17
   Compiling log v0.4.33
   Compiling minimal-lexical v0.2.1
   Compiling zmij v1.0.21
   Compiling pin-project-lite v0.2.17
   Compiling semver v1.0.28
   Compiling rustix v1.1.4
   Compiling futures-io v0.3.32
   Compiling rayon-core v1.13.0
   Compiling serde_derive v1.0.228
   Compiling displaydoc v0.2.6
   Compiling thiserror-impl v1.0.69
   Compiling zerocopy-derive v0.8.52
   Compiling tinystr v0.8.3
   Compiling zeroize_derive v1.5.0
   Compiling unic-langid-impl v0.9.6
   Compiling darling_macro v0.20.11
   Compiling zeroize v1.9.0
   Compiling unic-langid v0.9.6
   Compiling cipher v0.4.4
   Compiling rust-embed-impl v8.11.0
   Compiling futures-macro v0.3.32
   Compiling futures-task v0.3.32
   Compiling bitflags v2.13.0
   Compiling slab v0.4.12
   Compiling once_cell v1.21.4
   Compiling self_cell v1.2.2
   Compiling self_cell v0.10.3
   Compiling futures-util v0.3.32
   Compiling darling v0.20.11
   Compiling fluent-syntax v0.11.1
   Compiling toml v0.5.11
   Compiling basic-toml v0.1.10
   Compiling intl_pluralrules v7.0.2
   Compiling intl-memoizer v0.5.3
   Compiling i18n-config v0.4.8
   Compiling fluent-langneg v0.13.1
   Compiling find-crate v0.6.3
   Compiling rustc_version v0.4.1
   Compiling nom v7.1.3
   Compiling rand_core v0.6.4
   Compiling crossbeam-deque v0.8.6
   Compiling hmac v0.12.1
   Compiling aho-corasick v1.1.4
   Compiling regex-syntax v0.8.11
   Compiling ppv-lite86 v0.2.21
   Compiling rustc-hash v1.1.0
   Compiling either v1.16.0
   Compiling portable-atomic v1.13.1
   Compiling linux-raw-sys v0.12.1
   Compiling scopeguard v1.2.0
   Compiling utf8parse v0.2.2
   Compiling serde_json v1.0.150
   Compiling paste v1.0.15
   Compiling itoa v1.0.18
   Compiling anstyle-parse v1.0.0
   Compiling regex-automata v0.4.14
   Compiling lock_api v0.4.14
   Compiling fluent-bundle v0.15.3
   Compiling futures-executor v0.3.32
   Compiling i18n-embed-impl v0.8.4
   Compiling curve25519-dalek v4.1.3
   Compiling derive_builder_core v0.20.2
   Compiling rand_core v0.9.5
   Compiling matrixmultiply v0.3.10
   Compiling esaxx-rs v0.1.10
   Compiling universal-hash v0.5.1
   Compiling ahash v0.8.12
   Compiling thiserror v2.0.18
   Compiling unicode-width v0.2.2
   Compiling anstyle v1.0.14
   Compiling anstyle-query v1.1.5
   Compiling colorchoice v1.0.5
   Compiling vcpkg v0.2.15
   Compiling is_terminal_polyfill v1.70.2
   Compiling bit-vec v0.8.0
   Compiling opaque-debug v0.3.1
   Compiling bit-set v0.8.0
   Compiling poly1305 v0.8.0
   Compiling anstream v1.0.0
   Compiling libsqlite3-sys v0.38.1
   Compiling console v0.15.11
   Compiling rand_chacha v0.9.0
   Compiling derive_builder_macro v0.20.2
   Compiling rayon v1.12.0
   Compiling parking_lot v0.12.5
   Compiling futures v0.3.32
   Compiling fluent v0.16.1
   Compiling xattr v1.6.1
   Compiling itertools v0.14.0
   Compiling rand_chacha v0.3.1
   Compiling rust-embed v8.11.0
   Compiling chacha20 v0.9.1
   Compiling thiserror-impl v2.0.18
   Compiling monostate-impl v0.1.18
   Compiling curve25519-dalek-derive v0.1.1
   Compiling castaway v0.2.4
   Compiling arc-swap v1.9.2
   Compiling filetime v0.2.29
   Compiling aead v0.5.2
   Compiling proc-macro-error-attr2 v2.0.0
   Compiling static_assertions v1.1.0
   Compiling unicode-segmentation v1.13.3
   Compiling ryu v1.0.23
   Compiling rawpointer v0.2.1
   Compiling anyhow v1.0.103
   Compiling foldhash v0.2.0
   Compiling number_prefix v0.4.0
   Compiling heck v0.5.0
   Compiling base64 v0.13.1
   Compiling clap_lex v1.1.0
   Compiling macro_rules_attribute-proc_macro v0.2.2
   Compiling getrandom v0.4.3
   Compiling clap_builder v4.6.0
   Compiling macro_rules_attribute v0.2.2
   Compiling spm_precompiled v0.1.4
   Compiling clap_derive v4.6.1
   Compiling hashbrown v0.17.1
   Compiling indicatif v0.17.11
   Compiling proc-macro-error2 v2.0.1
   Compiling compact_str v0.9.1
   Compiling chacha20poly1305 v0.10.1
   Compiling i18n-embed v0.15.4
   Compiling tar v0.4.46
   Compiling rayon-cond v0.4.0
   Compiling monostate v0.1.18
   Compiling rand v0.8.6
   Compiling cookie-factory v0.3.3
   Compiling derive_builder v0.20.2
   Compiling rand v0.9.4
   Compiling zstd v0.13.3
   Compiling fancy-regex v0.14.0
   Compiling regex v1.12.4
   Compiling num-integer v0.1.46
   Compiling num-complex v0.4.6
   Compiling pbkdf2 v0.12.2
   Compiling hkdf v0.12.4
   Compiling dary_heap v0.3.9
   Compiling salsa20 v0.10.2
   Compiling secrecy v0.10.3
   Compiling pin-project-internal v1.1.13
   Compiling unicode-normalization-alignments v0.1.12
   Compiling unicode_categories v0.1.1
   Compiling base64 v0.21.7
   Compiling winnow v1.0.3
   Compiling io_tee v0.1.1
   Compiling toml_parser v1.1.2+spec-1.1.0
   Compiling tokenizers v0.21.4
   Compiling age-core v0.11.0
   Compiling pin-project v1.1.13
   Compiling scrypt v0.11.0
   Compiling ndarray v0.15.6
   Compiling brainmap-cli v0.1.0 (<SOURCE_ROOT>/crates/brainmap-cli)
   Compiling x25519-dalek v2.0.1
   Compiling i18n-embed-fl v0.9.4
   Compiling clap v4.6.1
   Compiling hashlink v0.12.0
   Compiling safetensors v0.5.3
   Compiling half v2.7.1
   Compiling toml_datetime v1.1.1+spec-1.1.0
   Compiling serde_spanned v1.1.1
   Compiling lazy_static v1.5.0
   Compiling fastrand v2.4.1
   Compiling fallible-streaming-iterator v0.1.9
   Compiling iana-time-zone v0.1.65
   Compiling bech32 v0.9.1
   Compiling fallible-iterator v0.3.0
   Compiling age v0.11.3
   Compiling tempfile v3.27.0
   Compiling chrono v0.4.45
   Compiling toml v1.1.2+spec-1.1.0
   Compiling model2vec-rs v0.2.1
   Compiling fs4 v1.1.0
   Compiling hex v0.4.3
   Compiling rusqlite v0.40.1
    Finished `release` profile [optimized] target(s) in 1m 11s
