    Fetching advisory database from `https://github.com/RustSec/advisory-db.git`
      Loaded 1159 security advisories (from <CARGO_HOME>/advisory-db)
    Updating crates.io index
    Scanning Cargo.lock for vulnerabilities (268 crate dependencies)
Crate:     number_prefix
Version:   0.4.0
Warning:   unmaintained
Title:     number_prefix crate is unmaintained
Date:      2025-11-17
ID:        RUSTSEC-2025-0119
URL:       https://rustsec.org/advisories/RUSTSEC-2025-0119

Crate:     paste
Version:   1.0.15
Warning:   unmaintained
Title:     paste - no longer maintained
Date:      2024-10-07
ID:        RUSTSEC-2024-0436
URL:       https://rustsec.org/advisories/RUSTSEC-2024-0436

Crate:     proc-macro-error2
Version:   2.0.1
Warning:   unmaintained
Title:     proc-macro-error2 is unmaintained
Date:      2026-06-07
ID:        RUSTSEC-2026-0173
URL:       https://rustsec.org/advisories/RUSTSEC-2026-0173

warning: 3 allowed warnings found
