$ rtk proxy bash -c uname\ -a\;\ rustc\ -Vv\;\ cargo\ -Vv\;\ git\ --version\;\ ldd\ --version\ \|\ head\ -1\;\ sha256sum\ --version\ \|\ head\ -1
Linux ssh 6.8.0-134-generic #134-Ubuntu SMP PREEMPT_DYNAMIC Fri Jun 26 18:43:11 UTC 2026 x86_64 x86_64 x86_64 GNU/Linux
rustc 1.95.0 (59807616e 2026-04-14)
binary: rustc
commit-hash: 59807616e1fa2540724bfbac14d7976d7e4a3860
commit-date: 2026-04-14
host: x86_64-unknown-linux-gnu
release: 1.95.0
LLVM version: 22.1.2
cargo 1.95.0 (f2d3ce0bd 2026-03-21)
release: 1.95.0
commit-hash: f2d3ce0bd7f24a49f8f72d9000448f8838c4e850
commit-date: 2026-03-21
host: x86_64-unknown-linux-gnu
libgit2: 1.9.2 (sys:0.20.4 vendored)
libcurl: 8.15.0-DEV (sys:0.4.83+curl-8.15.0 vendored ssl:OpenSSL/3.5.4)
ssl: OpenSSL 3.5.4 30 Sep 2025
os: Ubuntu 24.4.0 (noble) [64-bit]
git version 2.43.0
ldd (Ubuntu GLIBC 2.39-0ubuntu8.7) 2.39
sha256sum (GNU coreutils) 9.4
